C51 COMPILER V9.60.0.0   MAIN                                                              07/07/2022 15:26:48 PAGE 1   


C51 COMPILER V9.60.0.0, COMPILATION OF MODULE MAIN
OBJECT MODULE PLACED IN .\Objects\main.obj
COMPILER INVOKED BY: E:\keil\C51\BIN\C51.EXE main.c OPTIMIZE(8,SPEED) BROWSE DEBUG OBJECTEXTEND PRINT(.\Listings\main.ls
                    -t) OBJECT(.\Objects\main.obj)

line level    source

   1          #include <REGX52.H>
   2          #include "delay.h"
   3          #include "timing.h"
   4          #define unchar unsigned char
   5          sbit SER=P3^4;
   6          sbit RCK=P3^5;
   7          sbit SRCK=P3^6;
   8          unchar c=0;
   9          unchar j=0;
  10          unchar time;
  11          unchar a[]={0x00,0x00,0x7F,0x08,0x08,0x7F,0x00,0x1E,0x21,0x29,0x29,0x11,0x00,0x7E,0x01,0x02,0x00,0x7E,
  12          0x01,0x02,0x00,0x1E,0x21,0x21,0x1E,0x00,0x00,0x00,0x7D,0x00,0x00,0x7F,0x08,0x08,
  13          0x7F,0x00,0x1E};
  14          
  15          void timing()interrupt 1
  16          {
  17   1              TF0 = 0;
  18   1              TL0 = 0x00;             //设置定时初值:50ms
  19   1              TH0 = 0x4C;
  20   1              time++;
  21   1              if(time>=20)
  22   1              {
  23   2                      time=0;
  24   2                      c++;
  25   2                      if(c>28)
  26   2                      {
  27   3                              c=0;
  28   3                      }
  29   2              }
  30   1              
  31   1      }
  32          
  33          void _74HC595_writebyte(unchar byte)
  34          {
  35   1              
  36   1              char i;
  37   1              for(i=0;i<8;i++)
  38   1              {
  39   2                      SER=byte&(0x80>>i);
  40   2                      SRCK=1;
  41   2                      delay_ms(1);
  42   2                      SRCK=0;
  43   2              }
  44   1              RCK=1;
  45   1              delay_ms(1);
  46   1              RCK=0;
  47   1      }
  48          
  49          void Column_display(unchar column,unchar byte)
  50          {
  51   1              P0=~(0x80>>(column-1));
  52   1              _74HC595_writebyte(byte);
  53   1              P0=0xff;
  54   1              delay_ms(1);
C51 COMPILER V9.60.0.0   MAIN                                                              07/07/2022 15:26:48 PAGE 2   

  55   1      }
  56                  
  57          
  58          void main()
  59          {
  60   1              
  61   1              timing_init();
  62   1              RCK=0;
  63   1              SRCK=0;
  64   1              while(1)
  65   1              {
  66   2                      
  67   2                      for(j=1;j<=8;j++)
  68   2                      {
  69   3                              Column_display(j,a[j+c-1]);
  70   3                              P0=0xff;
  71   3                              delay_ms(1);
  72   3                      }
  73   2                      
  74   2              }
  75   1              
  76   1      }


MODULE INFORMATION:   STATIC OVERLAYABLE
   CODE SIZE        =    206    ----
   CONSTANT SIZE    =   ----    ----
   XDATA SIZE       =   ----    ----
   PDATA SIZE       =   ----    ----
   DATA SIZE        =     40       2
   IDATA SIZE       =   ----    ----
   BIT SIZE         =   ----    ----
END OF MODULE INFORMATION.


C51 COMPILATION COMPLETE.  0 WARNING(S),  0 ERROR(S)
