C51 COMPILER V9.60.0.0   TIMING                                                            07/07/2022 15:26:49 PAGE 1   


C51 COMPILER V9.60.0.0, COMPILATION OF MODULE TIMING
OBJECT MODULE PLACED IN .\Objects\timing.obj
COMPILER INVOKED BY: E:\keil\C51\BIN\C51.EXE timing.c OPTIMIZE(8,SPEED) BROWSE DEBUG OBJECTEXTEND PRINT(.\Listings\timin
                    -g.lst) OBJECT(.\Objects\timing.obj)

line level    source

   1          #include <REGX52.H>
   2          void timing_init()
   3          {
   4   1              TMOD=0x01;
   5   1              TL0 = 0x00;             //设置定时初值:50ms
   6   1              TH0 = 0x4C;
   7   1              EA=1;
   8   1              ET0=1;
   9   1              TF0 = 0;                //清除TF0标志
  10   1              TR0 = 1;                //定时器0开始计时
  11   1      }


MODULE INFORMATION:   STATIC OVERLAYABLE
   CODE SIZE        =     18    ----
   CONSTANT SIZE    =   ----    ----
   XDATA SIZE       =   ----    ----
   PDATA SIZE       =   ----    ----
   DATA SIZE        =   ----    ----
   IDATA SIZE       =   ----    ----
   BIT SIZE         =   ----    ----
END OF MODULE INFORMATION.


C51 COMPILATION COMPLETE.  0 WARNING(S),  0 ERROR(S)
